<?xml version="1.0" encoding="UTF-8" ?>
<testsuite errors="0" failures="0" hostname="personal-pc" name="HelloWorldTest" skipped="0" tests="4" time="1.927" timestamp="2016-11-05T21:39:58">
  <properties>
[...]
</properties>
  <testcase classname="HelloWorldTest" name="testNestedElement" time="1.029" />
  <testcase classname="HelloWorldTest" name="testNestedText" time="0.252" />
  <testcase classname="HelloWorldTest" name="testMessage" time="0.254" />
  <testcase classname="HelloWorldTest" name="testWithout" time="0.197" />
  <system-out><![CDATA[]]></system-out>
  <system-err><![CDATA[]]></system-err>
</testsuite>
